[ 2016-02-23T13:50:06+08:00 ] 172.16.1.119 /lrvp_live/application/api/
INFO: [ app_init ] --START--
INFO: Run Behavior\BuildLiteBehavior [ RunTime:0.000025s ]
INFO: [ app_init ] --END-- [ RunTime:0.000770s ]
INFO: [ app_begin ] --START--
INFO: Run Behavior\ReadHtmlCacheBehavior [ RunTime:0.001076s ]
INFO: [ app_begin ] --END-- [ RunTime:0.001176s ]
INFO: [ app_end ] --START--
INFO: Run Behavior\ShowPageTraceBehavior [ RunTime:0.001502s ]
INFO: [ app_end ] --END-- [ RunTime:0.001705s ]

[ 2016-02-23T14:37:21+08:00 ] 172.16.1.119 /lrvp_live/application/api/
INFO: [ app_init ] --START--
INFO: Run Behavior\BuildLiteBehavior [ RunTime:0.000023s ]
INFO: [ app_init ] --END-- [ RunTime:0.000510s ]
INFO: [ app_begin ] --START--
INFO: Run Behavior\ReadHtmlCacheBehavior [ RunTime:0.000617s ]
INFO: [ app_begin ] --END-- [ RunTime:0.000750s ]
INFO: [ app_end ] --START--
INFO: Run Behavior\ShowPageTraceBehavior [ RunTime:0.000612s ]
INFO: [ app_end ] --END-- [ RunTime:0.000716s ]

[ 2016-02-23T14:50:44+08:00 ] 172.16.1.119 /lrvp_live/application/api/
INFO: [ app_init ] --START--
INFO: Run Behavior\BuildLiteBehavior [ RunTime:0.000025s ]
INFO: [ app_init ] --END-- [ RunTime:0.000566s ]
INFO: [ app_begin ] --START--
INFO: Run Behavior\ReadHtmlCacheBehavior [ RunTime:0.000752s ]
INFO: [ app_begin ] --END-- [ RunTime:0.000864s ]
INFO: [ app_end ] --START--
INFO: Run Behavior\ShowPageTraceBehavior [ RunTime:0.000715s ]
INFO: [ app_end ] --END-- [ RunTime:0.000823s ]

[ 2016-02-23T14:50:54+08:00 ] 172.16.1.119 /lrvp_live/application/api/
INFO: [ app_init ] --START--
INFO: Run Behavior\BuildLiteBehavior [ RunTime:0.000025s ]
INFO: [ app_init ] --END-- [ RunTime:0.000526s ]
INFO: [ app_begin ] --START--
INFO: Run Behavior\ReadHtmlCacheBehavior [ RunTime:0.000828s ]
INFO: [ app_begin ] --END-- [ RunTime:0.000954s ]
INFO: [ app_end ] --START--
INFO: Run Behavior\ShowPageTraceBehavior [ RunTime:0.000705s ]
INFO: [ app_end ] --END-- [ RunTime:0.000822s ]

[ 2016-02-23T14:52:51+08:00 ] 172.16.1.119 /lrvp_live/application/api/
INFO: [ app_init ] --START--
INFO: Run Behavior\BuildLiteBehavior [ RunTime:0.000024s ]
INFO: [ app_init ] --END-- [ RunTime:0.000544s ]
INFO: [ app_begin ] --START--
INFO: Run Behavior\ReadHtmlCacheBehavior [ RunTime:0.000723s ]
INFO: [ app_begin ] --END-- [ RunTime:0.000830s ]
INFO: [ app_end ] --START--
INFO: Run Behavior\ShowPageTraceBehavior [ RunTime:0.000698s ]
INFO: [ app_end ] --END-- [ RunTime:0.000803s ]

[ 2016-02-23T14:52:52+08:00 ] 172.16.1.119 /lrvp_live/application/api/
INFO: [ app_init ] --START--
INFO: Run Behavior\BuildLiteBehavior [ RunTime:0.000023s ]
INFO: [ app_init ] --END-- [ RunTime:0.000489s ]
INFO: [ app_begin ] --START--
INFO: Run Behavior\ReadHtmlCacheBehavior [ RunTime:0.000693s ]
INFO: [ app_begin ] --END-- [ RunTime:0.000797s ]
INFO: [ app_end ] --START--
INFO: Run Behavior\ShowPageTraceBehavior [ RunTime:0.000856s ]
INFO: [ app_end ] --END-- [ RunTime:0.000982s ]

[ 2016-02-23T14:55:06+08:00 ] 172.16.1.119 /lrvp_live/application/api/
INFO: [ app_init ] --START--
INFO: Run Behavior\BuildLiteBehavior [ RunTime:0.000029s ]
INFO: [ app_init ] --END-- [ RunTime:0.000568s ]
INFO: [ app_begin ] --START--
INFO: Run Behavior\ReadHtmlCacheBehavior [ RunTime:0.000752s ]
INFO: [ app_begin ] --END-- [ RunTime:0.000871s ]
INFO: [ app_end ] --START--
INFO: Run Behavior\ShowPageTraceBehavior [ RunTime:0.000808s ]
INFO: [ app_end ] --END-- [ RunTime:0.000917s ]

[ 2016-02-23T14:56:38+08:00 ] 172.16.1.119 /lrvp_live/application/api/
INFO: [ app_init ] --START--
INFO: Run Behavior\BuildLiteBehavior [ RunTime:0.000025s ]
INFO: [ app_init ] --END-- [ RunTime:0.000550s ]
INFO: [ app_begin ] --START--
INFO: Run Behavior\ReadHtmlCacheBehavior [ RunTime:0.000700s ]
INFO: [ app_begin ] --END-- [ RunTime:0.000809s ]
INFO: [ app_end ] --START--
INFO: Run Behavior\ShowPageTraceBehavior [ RunTime:0.000764s ]
INFO: [ app_end ] --END-- [ RunTime:0.000873s ]

[ 2016-02-23T15:02:14+08:00 ] 172.16.1.119 /lrvp_live/application/api/
INFO: [ app_init ] --START--
INFO: Run Behavior\BuildLiteBehavior [ RunTime:0.000031s ]
INFO: [ app_init ] --END-- [ RunTime:0.000526s ]
INFO: [ app_begin ] --START--
INFO: Run Behavior\ReadHtmlCacheBehavior [ RunTime:0.000756s ]
INFO: [ app_begin ] --END-- [ RunTime:0.000884s ]
INFO: [ app_end ] --START--
INFO: Run Behavior\ShowPageTraceBehavior [ RunTime:0.000702s ]
INFO: [ app_end ] --END-- [ RunTime:0.000814s ]

[ 2016-02-23T15:12:09+08:00 ] 172.16.3.20 /lrvp_live/application/api/
INFO: [ app_init ] --START--
INFO: Run Behavior\BuildLiteBehavior [ RunTime:0.000023s ]
INFO: [ app_init ] --END-- [ RunTime:0.000537s ]
INFO: [ app_begin ] --START--
INFO: Run Behavior\ReadHtmlCacheBehavior [ RunTime:0.000853s ]
INFO: [ app_begin ] --END-- [ RunTime:0.000953s ]
INFO: [ app_end ] --START--
INFO: Run Behavior\ShowPageTraceBehavior [ RunTime:0.000690s ]
INFO: [ app_end ] --END-- [ RunTime:0.000792s ]

[ 2016-02-23T15:14:26+08:00 ] 172.16.3.20 /lrvp_live/application/api/
INFO: [ app_init ] --START--
INFO: Run Behavior\BuildLiteBehavior [ RunTime:0.000023s ]
INFO: [ app_init ] --END-- [ RunTime:0.000518s ]
INFO: [ app_begin ] --START--
INFO: Run Behavior\ReadHtmlCacheBehavior [ RunTime:0.000696s ]
INFO: [ app_begin ] --END-- [ RunTime:0.000792s ]
INFO: [ app_end ] --START--
INFO: Run Behavior\ShowPageTraceBehavior [ RunTime:0.000840s ]
INFO: [ app_end ] --END-- [ RunTime:0.000940s ]

[ 2016-02-23T15:14:37+08:00 ] 172.16.1.119 /lrvp_live/application/api/
INFO: [ app_init ] --START--
INFO: Run Behavior\BuildLiteBehavior [ RunTime:0.000025s ]
INFO: [ app_init ] --END-- [ RunTime:0.000682s ]
INFO: [ app_begin ] --START--
INFO: Run Behavior\ReadHtmlCacheBehavior [ RunTime:0.000749s ]
INFO: [ app_begin ] --END-- [ RunTime:0.000878s ]
INFO: [ app_end ] --START--
INFO: Run Behavior\ShowPageTraceBehavior [ RunTime:0.000942s ]
INFO: [ app_end ] --END-- [ RunTime:0.001044s ]

[ 2016-02-23T15:15:27+08:00 ] 172.16.3.20 /lrvp_live/application/api/
INFO: [ app_init ] --START--
INFO: Run Behavior\BuildLiteBehavior [ RunTime:0.000024s ]
INFO: [ app_init ] --END-- [ RunTime:0.000594s ]
INFO: [ app_begin ] --START--
INFO: Run Behavior\ReadHtmlCacheBehavior [ RunTime:0.000709s ]
INFO: [ app_begin ] --END-- [ RunTime:0.000810s ]
INFO: [ app_end ] --START--
INFO: Run Behavior\ShowPageTraceBehavior [ RunTime:0.000692s ]
INFO: [ app_end ] --END-- [ RunTime:0.000791s ]

[ 2016-02-23T15:15:45+08:00 ] 172.16.1.119 /lrvp_live/application/api/
INFO: [ app_init ] --START--
INFO: Run Behavior\BuildLiteBehavior [ RunTime:0.000021s ]
INFO: [ app_init ] --END-- [ RunTime:0.000538s ]
INFO: [ app_begin ] --START--
INFO: Run Behavior\ReadHtmlCacheBehavior [ RunTime:0.000841s ]
INFO: [ app_begin ] --END-- [ RunTime:0.000948s ]
NOTIC: [8] Use of undefined constant __Cahe_PATH__ - assumed '__Cahe_PATH__' D:\wamp\www\lrvp_live\application\api\application\Home\Controller\IndexController.class.php 第 7 行.
NOTIC: [8] Use of undefined constant __COMMONLOG_PATH__ - assumed '__COMMONLOG_PATH__' D:\wamp\www\lrvp_live\application\api\application\Home\Controller\IndexController.class.php 第 8 行.
INFO: [ app_end ] --START--
INFO: Run Behavior\ShowPageTraceBehavior [ RunTime:0.000681s ]
INFO: [ app_end ] --END-- [ RunTime:0.000789s ]

[ 2016-02-23T15:15:45+08:00 ] 172.16.1.119 /lrvp_live/application/api/
INFO: [ app_init ] --START--
INFO: Run Behavior\BuildLiteBehavior [ RunTime:0.000024s ]
INFO: [ app_init ] --END-- [ RunTime:0.000522s ]
INFO: [ app_begin ] --START--
INFO: Run Behavior\ReadHtmlCacheBehavior [ RunTime:0.000720s ]
INFO: [ app_begin ] --END-- [ RunTime:0.000817s ]
NOTIC: [8] Use of undefined constant __Cahe_PATH__ - assumed '__Cahe_PATH__' D:\wamp\www\lrvp_live\application\api\application\Home\Controller\IndexController.class.php 第 7 行.
NOTIC: [8] Use of undefined constant __COMMONLOG_PATH__ - assumed '__COMMONLOG_PATH__' D:\wamp\www\lrvp_live\application\api\application\Home\Controller\IndexController.class.php 第 8 行.
INFO: [ app_end ] --START--
INFO: Run Behavior\ShowPageTraceBehavior [ RunTime:0.000749s ]
INFO: [ app_end ] --END-- [ RunTime:0.000847s ]

[ 2016-02-23T15:15:46+08:00 ] 172.16.1.119 /lrvp_live/application/api/
INFO: [ app_init ] --START--
INFO: Run Behavior\BuildLiteBehavior [ RunTime:0.000022s ]
INFO: [ app_init ] --END-- [ RunTime:0.000499s ]
INFO: [ app_begin ] --START--
INFO: Run Behavior\ReadHtmlCacheBehavior [ RunTime:0.000676s ]
INFO: [ app_begin ] --END-- [ RunTime:0.000769s ]
NOTIC: [8] Use of undefined constant __Cahe_PATH__ - assumed '__Cahe_PATH__' D:\wamp\www\lrvp_live\application\api\application\Home\Controller\IndexController.class.php 第 7 行.
NOTIC: [8] Use of undefined constant __COMMONLOG_PATH__ - assumed '__COMMONLOG_PATH__' D:\wamp\www\lrvp_live\application\api\application\Home\Controller\IndexController.class.php 第 8 行.
INFO: [ app_end ] --START--
INFO: Run Behavior\ShowPageTraceBehavior [ RunTime:0.000926s ]
INFO: [ app_end ] --END-- [ RunTime:0.001035s ]

[ 2016-02-23T15:15:46+08:00 ] 172.16.1.119 /lrvp_live/application/api/
INFO: [ app_init ] --START--
INFO: Run Behavior\BuildLiteBehavior [ RunTime:0.000023s ]
INFO: [ app_init ] --END-- [ RunTime:0.000543s ]
INFO: [ app_begin ] --START--
INFO: Run Behavior\ReadHtmlCacheBehavior [ RunTime:0.000837s ]
INFO: [ app_begin ] --END-- [ RunTime:0.000958s ]
NOTIC: [8] Use of undefined constant __Cahe_PATH__ - assumed '__Cahe_PATH__' D:\wamp\www\lrvp_live\application\api\application\Home\Controller\IndexController.class.php 第 7 行.
NOTIC: [8] Use of undefined constant __COMMONLOG_PATH__ - assumed '__COMMONLOG_PATH__' D:\wamp\www\lrvp_live\application\api\application\Home\Controller\IndexController.class.php 第 8 行.
INFO: [ app_end ] --START--
INFO: Run Behavior\ShowPageTraceBehavior [ RunTime:0.000853s ]
INFO: [ app_end ] --END-- [ RunTime:0.000968s ]

[ 2016-02-23T15:16:28+08:00 ] 172.16.1.119 /lrvp_live/application/api/
INFO: [ app_init ] --START--
INFO: Run Behavior\BuildLiteBehavior [ RunTime:0.000041s ]
INFO: [ app_init ] --END-- [ RunTime:0.000545s ]
INFO: [ app_begin ] --START--
INFO: Run Behavior\ReadHtmlCacheBehavior [ RunTime:0.000795s ]
INFO: [ app_begin ] --END-- [ RunTime:0.000903s ]
NOTIC: [8] Use of undefined constant __Cahe_PATH__ - assumed '__Cahe_PATH__' D:\wamp\www\lrvp_live\application\api\application\Home\Controller\IndexController.class.php 第 7 行.
NOTIC: [8] Use of undefined constant __COMMONLOG_PATH__ - assumed '__COMMONLOG_PATH__' D:\wamp\www\lrvp_live\application\api\application\Home\Controller\IndexController.class.php 第 8 行.
INFO: [ app_end ] --START--
INFO: Run Behavior\ShowPageTraceBehavior [ RunTime:0.000698s ]
INFO: [ app_end ] --END-- [ RunTime:0.000788s ]

[ 2016-02-23T15:17:14+08:00 ] 172.16.3.20 /lrvp_live/application/api/
INFO: [ app_init ] --START--
INFO: Run Behavior\BuildLiteBehavior [ RunTime:0.000025s ]
INFO: [ app_init ] --END-- [ RunTime:0.000767s ]
INFO: [ app_begin ] --START--
INFO: Run Behavior\ReadHtmlCacheBehavior [ RunTime:0.000717s ]
INFO: [ app_begin ] --END-- [ RunTime:0.000820s ]
ERR: 非法操作:index

[ 2016-02-23T15:17:15+08:00 ] 172.16.1.119 /lrvp_live/application/api/
INFO: [ app_init ] --START--
INFO: Run Behavior\BuildLiteBehavior [ RunTime:0.000023s ]
INFO: [ app_init ] --END-- [ RunTime:0.000502s ]
INFO: [ app_begin ] --START--
INFO: Run Behavior\ReadHtmlCacheBehavior [ RunTime:0.000697s ]
INFO: [ app_begin ] --END-- [ RunTime:0.000792s ]
ERR: 非法操作:index

[ 2016-02-23T15:17:16+08:00 ] 172.16.3.20 /lrvp_live/application/api/
INFO: [ app_init ] --START--
INFO: Run Behavior\BuildLiteBehavior [ RunTime:0.000024s ]
INFO: [ app_init ] --END-- [ RunTime:0.000514s ]
INFO: [ app_begin ] --START--
INFO: Run Behavior\ReadHtmlCacheBehavior [ RunTime:0.000691s ]
INFO: [ app_begin ] --END-- [ RunTime:0.000790s ]
ERR: 非法操作:index

[ 2016-02-23T15:17:18+08:00 ] 172.16.3.20 /lrvp_live/application/api/
INFO: [ app_init ] --START--
INFO: Run Behavior\BuildLiteBehavior [ RunTime:0.000022s ]
INFO: [ app_init ] --END-- [ RunTime:0.000534s ]
INFO: [ app_begin ] --START--
INFO: Run Behavior\ReadHtmlCacheBehavior [ RunTime:0.000740s ]
INFO: [ app_begin ] --END-- [ RunTime:0.000849s ]
ERR: 非法操作:index

[ 2016-02-23T15:17:24+08:00 ] 172.16.3.20 /lrvp_live/application/api/
INFO: [ app_init ] --START--
INFO: Run Behavior\BuildLiteBehavior [ RunTime:0.000025s ]
INFO: [ app_init ] --END-- [ RunTime:0.000535s ]
INFO: [ app_begin ] --START--
INFO: Run Behavior\ReadHtmlCacheBehavior [ RunTime:0.000825s ]
INFO: [ app_begin ] --END-- [ RunTime:0.000944s ]
NOTIC: [8] Use of undefined constant __Cahe_PATH__ - assumed '__Cahe_PATH__' D:\wamp\www\lrvp_live\application\api\application\Home\Controller\IndexController.class.php 第 7 行.
NOTIC: [8] Use of undefined constant __COMMONLOG_PATH__ - assumed '__COMMONLOG_PATH__' D:\wamp\www\lrvp_live\application\api\application\Home\Controller\IndexController.class.php 第 8 行.
INFO: [ app_end ] --START--
INFO: Run Behavior\ShowPageTraceBehavior [ RunTime:0.000703s ]
INFO: [ app_end ] --END-- [ RunTime:0.000800s ]

[ 2016-02-23T15:17:24+08:00 ] 172.16.1.119 /lrvp_live/application/api/
INFO: [ app_init ] --START--
INFO: Run Behavior\BuildLiteBehavior [ RunTime:0.000023s ]
INFO: [ app_init ] --END-- [ RunTime:0.000500s ]
INFO: [ app_begin ] --START--
INFO: Run Behavior\ReadHtmlCacheBehavior [ RunTime:0.000667s ]
INFO: [ app_begin ] --END-- [ RunTime:0.000774s ]
NOTIC: [8] Use of undefined constant __Cahe_PATH__ - assumed '__Cahe_PATH__' D:\wamp\www\lrvp_live\application\api\application\Home\Controller\IndexController.class.php 第 7 行.
NOTIC: [8] Use of undefined constant __COMMONLOG_PATH__ - assumed '__COMMONLOG_PATH__' D:\wamp\www\lrvp_live\application\api\application\Home\Controller\IndexController.class.php 第 8 行.
INFO: [ app_end ] --START--
INFO: Run Behavior\ShowPageTraceBehavior [ RunTime:0.000746s ]
INFO: [ app_end ] --END-- [ RunTime:0.000849s ]

[ 2016-02-23T15:17:24+08:00 ] 172.16.1.119 /lrvp_live/application/api/
INFO: [ app_init ] --START--
INFO: Run Behavior\BuildLiteBehavior [ RunTime:0.000023s ]
INFO: [ app_init ] --END-- [ RunTime:0.000503s ]
INFO: [ app_begin ] --START--
INFO: Run Behavior\ReadHtmlCacheBehavior [ RunTime:0.000674s ]
INFO: [ app_begin ] --END-- [ RunTime:0.000767s ]
NOTIC: [8] Use of undefined constant __Cahe_PATH__ - assumed '__Cahe_PATH__' D:\wamp\www\lrvp_live\application\api\application\Home\Controller\IndexController.class.php 第 7 行.
NOTIC: [8] Use of undefined constant __COMMONLOG_PATH__ - assumed '__COMMONLOG_PATH__' D:\wamp\www\lrvp_live\application\api\application\Home\Controller\IndexController.class.php 第 8 行.
INFO: [ app_end ] --START--
INFO: Run Behavior\ShowPageTraceBehavior [ RunTime:0.000665s ]
INFO: [ app_end ] --END-- [ RunTime:0.000756s ]

[ 2016-02-23T15:17:25+08:00 ] 172.16.1.119 /lrvp_live/application/api/
INFO: [ app_init ] --START--
INFO: Run Behavior\BuildLiteBehavior [ RunTime:0.000022s ]
INFO: [ app_init ] --END-- [ RunTime:0.000498s ]
INFO: [ app_begin ] --START--
INFO: Run Behavior\ReadHtmlCacheBehavior [ RunTime:0.000760s ]
INFO: [ app_begin ] --END-- [ RunTime:0.000875s ]
NOTIC: [8] Use of undefined constant __Cahe_PATH__ - assumed '__Cahe_PATH__' D:\wamp\www\lrvp_live\application\api\application\Home\Controller\IndexController.class.php 第 7 行.
NOTIC: [8] Use of undefined constant __COMMONLOG_PATH__ - assumed '__COMMONLOG_PATH__' D:\wamp\www\lrvp_live\application\api\application\Home\Controller\IndexController.class.php 第 8 行.
INFO: [ app_end ] --START--
INFO: Run Behavior\ShowPageTraceBehavior [ RunTime:0.000653s ]
INFO: [ app_end ] --END-- [ RunTime:0.000744s ]

[ 2016-02-23T15:17:25+08:00 ] 172.16.1.119 /lrvp_live/application/api/
INFO: [ app_init ] --START--
INFO: Run Behavior\BuildLiteBehavior [ RunTime:0.000024s ]
INFO: [ app_init ] --END-- [ RunTime:0.000522s ]
INFO: [ app_begin ] --START--
INFO: Run Behavior\ReadHtmlCacheBehavior [ RunTime:0.000729s ]
INFO: [ app_begin ] --END-- [ RunTime:0.000854s ]
NOTIC: [8] Use of undefined constant __Cahe_PATH__ - assumed '__Cahe_PATH__' D:\wamp\www\lrvp_live\application\api\application\Home\Controller\IndexController.class.php 第 7 行.
NOTIC: [8] Use of undefined constant __COMMONLOG_PATH__ - assumed '__COMMONLOG_PATH__' D:\wamp\www\lrvp_live\application\api\application\Home\Controller\IndexController.class.php 第 8 行.
INFO: [ app_end ] --START--
INFO: Run Behavior\ShowPageTraceBehavior [ RunTime:0.000731s ]
INFO: [ app_end ] --END-- [ RunTime:0.000823s ]

[ 2016-02-23T15:17:25+08:00 ] 172.16.1.119 /lrvp_live/application/api/
INFO: [ app_init ] --START--
INFO: Run Behavior\BuildLiteBehavior [ RunTime:0.000023s ]
INFO: [ app_init ] --END-- [ RunTime:0.000511s ]
INFO: [ app_begin ] --START--
INFO: Run Behavior\ReadHtmlCacheBehavior [ RunTime:0.000688s ]
INFO: [ app_begin ] --END-- [ RunTime:0.000788s ]
NOTIC: [8] Use of undefined constant __Cahe_PATH__ - assumed '__Cahe_PATH__' D:\wamp\www\lrvp_live\application\api\application\Home\Controller\IndexController.class.php 第 7 行.
NOTIC: [8] Use of undefined constant __COMMONLOG_PATH__ - assumed '__COMMONLOG_PATH__' D:\wamp\www\lrvp_live\application\api\application\Home\Controller\IndexController.class.php 第 8 行.
INFO: [ app_end ] --START--
INFO: Run Behavior\ShowPageTraceBehavior [ RunTime:0.000783s ]
INFO: [ app_end ] --END-- [ RunTime:0.000879s ]

[ 2016-02-23T15:18:08+08:00 ] 172.16.1.119 /lrvp_live/application/api/
INFO: [ app_init ] --START--
INFO: Run Behavior\BuildLiteBehavior [ RunTime:0.000021s ]
INFO: [ app_init ] --END-- [ RunTime:0.000532s ]
INFO: [ app_begin ] --START--
INFO: Run Behavior\ReadHtmlCacheBehavior [ RunTime:0.000680s ]
INFO: [ app_begin ] --END-- [ RunTime:0.000783s ]
NOTIC: [8] Use of undefined constant __PUBLIC__ - assumed '__PUBLIC__' D:\wamp\www\lrvp_live\application\api\application\Home\Controller\IndexController.class.php 第 7 行.
NOTIC: [8] Use of undefined constant __COMMONLOG_PATH__ - assumed '__COMMONLOG_PATH__' D:\wamp\www\lrvp_live\application\api\application\Home\Controller\IndexController.class.php 第 8 行.
INFO: [ app_end ] --START--
INFO: Run Behavior\ShowPageTraceBehavior [ RunTime:0.000864s ]
INFO: [ app_end ] --END-- [ RunTime:0.000983s ]

[ 2016-02-23T15:18:09+08:00 ] 172.16.1.119 /lrvp_live/application/api/
INFO: [ app_init ] --START--
INFO: Run Behavior\BuildLiteBehavior [ RunTime:0.000032s ]
INFO: [ app_init ] --END-- [ RunTime:0.000515s ]
INFO: [ app_begin ] --START--
INFO: Run Behavior\ReadHtmlCacheBehavior [ RunTime:0.000709s ]
INFO: [ app_begin ] --END-- [ RunTime:0.000803s ]
NOTIC: [8] Use of undefined constant __PUBLIC__ - assumed '__PUBLIC__' D:\wamp\www\lrvp_live\application\api\application\Home\Controller\IndexController.class.php 第 7 行.
NOTIC: [8] Use of undefined constant __COMMONLOG_PATH__ - assumed '__COMMONLOG_PATH__' D:\wamp\www\lrvp_live\application\api\application\Home\Controller\IndexController.class.php 第 8 行.
INFO: [ app_end ] --START--
INFO: Run Behavior\ShowPageTraceBehavior [ RunTime:0.000728s ]
INFO: [ app_end ] --END-- [ RunTime:0.000825s ]

[ 2016-02-23T15:18:09+08:00 ] 172.16.1.119 /lrvp_live/application/api/
INFO: [ app_init ] --START--
INFO: Run Behavior\BuildLiteBehavior [ RunTime:0.000023s ]
INFO: [ app_init ] --END-- [ RunTime:0.000507s ]
INFO: [ app_begin ] --START--
INFO: Run Behavior\ReadHtmlCacheBehavior [ RunTime:0.000733s ]
INFO: [ app_begin ] --END-- [ RunTime:0.000835s ]
NOTIC: [8] Use of undefined constant __PUBLIC__ - assumed '__PUBLIC__' D:\wamp\www\lrvp_live\application\api\application\Home\Controller\IndexController.class.php 第 7 行.
NOTIC: [8] Use of undefined constant __COMMONLOG_PATH__ - assumed '__COMMONLOG_PATH__' D:\wamp\www\lrvp_live\application\api\application\Home\Controller\IndexController.class.php 第 8 行.
INFO: [ app_end ] --START--
INFO: Run Behavior\ShowPageTraceBehavior [ RunTime:0.000750s ]
INFO: [ app_end ] --END-- [ RunTime:0.000842s ]

[ 2016-02-23T15:18:09+08:00 ] 172.16.1.119 /lrvp_live/application/api/
INFO: [ app_init ] --START--
INFO: Run Behavior\BuildLiteBehavior [ RunTime:0.000024s ]
INFO: [ app_init ] --END-- [ RunTime:0.000523s ]
INFO: [ app_begin ] --START--
INFO: Run Behavior\ReadHtmlCacheBehavior [ RunTime:0.000707s ]
INFO: [ app_begin ] --END-- [ RunTime:0.000815s ]
NOTIC: [8] Use of undefined constant __PUBLIC__ - assumed '__PUBLIC__' D:\wamp\www\lrvp_live\application\api\application\Home\Controller\IndexController.class.php 第 7 行.
NOTIC: [8] Use of undefined constant __COMMONLOG_PATH__ - assumed '__COMMONLOG_PATH__' D:\wamp\www\lrvp_live\application\api\application\Home\Controller\IndexController.class.php 第 8 行.
INFO: [ app_end ] --START--
INFO: Run Behavior\ShowPageTraceBehavior [ RunTime:0.001210s ]
INFO: [ app_end ] --END-- [ RunTime:0.001329s ]

[ 2016-02-23T15:18:10+08:00 ] 172.16.1.119 /lrvp_live/application/api/
INFO: [ app_init ] --START--
INFO: Run Behavior\BuildLiteBehavior [ RunTime:0.000022s ]
INFO: [ app_init ] --END-- [ RunTime:0.000485s ]
INFO: [ app_begin ] --START--
INFO: Run Behavior\ReadHtmlCacheBehavior [ RunTime:0.000672s ]
INFO: [ app_begin ] --END-- [ RunTime:0.000768s ]
NOTIC: [8] Use of undefined constant __PUBLIC__ - assumed '__PUBLIC__' D:\wamp\www\lrvp_live\application\api\application\Home\Controller\IndexController.class.php 第 7 行.
NOTIC: [8] Use of undefined constant __COMMONLOG_PATH__ - assumed '__COMMONLOG_PATH__' D:\wamp\www\lrvp_live\application\api\application\Home\Controller\IndexController.class.php 第 8 行.
INFO: [ app_end ] --START--
INFO: Run Behavior\ShowPageTraceBehavior [ RunTime:0.000714s ]
INFO: [ app_end ] --END-- [ RunTime:0.000817s ]

[ 2016-02-23T15:36:35+08:00 ] 172.16.1.119 /lrvp_live/application/api/
INFO: [ app_init ] --START--
INFO: Run Behavior\BuildLiteBehavior [ RunTime:0.000022s ]
INFO: [ app_init ] --END-- [ RunTime:0.000467s ]
INFO: [ app_begin ] --START--
INFO: Run Behavior\ReadHtmlCacheBehavior [ RunTime:0.000658s ]
INFO: [ app_begin ] --END-- [ RunTime:0.000754s ]
NOTIC: [8] Use of undefined constant __PUBLIC__ - assumed '__PUBLIC__' D:\wamp\www\lrvp_live\application\api\application\Home\Controller\IndexController.class.php 第 7 行.
NOTIC: [8] Use of undefined constant __COMMONLOG_PATH__ - assumed '__COMMONLOG_PATH__' D:\wamp\www\lrvp_live\application\api\application\Home\Controller\IndexController.class.php 第 8 行.
INFO: [ app_end ] --START--
INFO: Run Behavior\ShowPageTraceBehavior [ RunTime:0.000729s ]
INFO: [ app_end ] --END-- [ RunTime:0.000820s ]

[ 2016-02-23T15:37:59+08:00 ] 172.16.1.119 /lrvp_live/application/api/
INFO: [ app_init ] --START--
INFO: Run Behavior\BuildLiteBehavior [ RunTime:0.000033s ]
INFO: [ app_init ] --END-- [ RunTime:0.000533s ]
INFO: [ app_begin ] --START--
INFO: Run Behavior\ReadHtmlCacheBehavior [ RunTime:0.000691s ]
INFO: [ app_begin ] --END-- [ RunTime:0.000786s ]
NOTIC: [8] Use of undefined constant __PUBLIC__ - assumed '__PUBLIC__' D:\wamp\www\lrvp_live\application\api\application\Home\Controller\IndexController.class.php 第 7 行.
NOTIC: [8] Use of undefined constant __COMMONLOG_PATH__ - assumed '__COMMONLOG_PATH__' D:\wamp\www\lrvp_live\application\api\application\Home\Controller\IndexController.class.php 第 8 行.
INFO: [ app_end ] --START--
INFO: Run Behavior\ShowPageTraceBehavior [ RunTime:0.000666s ]
INFO: [ app_end ] --END-- [ RunTime:0.000758s ]

[ 2016-02-23T15:38:00+08:00 ] 172.16.1.119 /lrvp_live/application/api/
INFO: [ app_init ] --START--
INFO: Run Behavior\BuildLiteBehavior [ RunTime:0.000021s ]
INFO: [ app_init ] --END-- [ RunTime:0.000495s ]
INFO: [ app_begin ] --START--
INFO: Run Behavior\ReadHtmlCacheBehavior [ RunTime:0.000690s ]
INFO: [ app_begin ] --END-- [ RunTime:0.000784s ]
NOTIC: [8] Use of undefined constant __PUBLIC__ - assumed '__PUBLIC__' D:\wamp\www\lrvp_live\application\api\application\Home\Controller\IndexController.class.php 第 7 行.
NOTIC: [8] Use of undefined constant __COMMONLOG_PATH__ - assumed '__COMMONLOG_PATH__' D:\wamp\www\lrvp_live\application\api\application\Home\Controller\IndexController.class.php 第 8 行.
INFO: [ app_end ] --START--
INFO: Run Behavior\ShowPageTraceBehavior [ RunTime:0.000701s ]
INFO: [ app_end ] --END-- [ RunTime:0.000793s ]

[ 2016-02-23T15:38:00+08:00 ] 172.16.1.119 /lrvp_live/application/api/
INFO: [ app_init ] --START--
INFO: Run Behavior\BuildLiteBehavior [ RunTime:0.000031s ]
INFO: [ app_init ] --END-- [ RunTime:0.000475s ]
INFO: [ app_begin ] --START--
INFO: Run Behavior\ReadHtmlCacheBehavior [ RunTime:0.000676s ]
INFO: [ app_begin ] --END-- [ RunTime:0.000771s ]
NOTIC: [8] Use of undefined constant __PUBLIC__ - assumed '__PUBLIC__' D:\wamp\www\lrvp_live\application\api\application\Home\Controller\IndexController.class.php 第 7 行.
NOTIC: [8] Use of undefined constant __COMMONLOG_PATH__ - assumed '__COMMONLOG_PATH__' D:\wamp\www\lrvp_live\application\api\application\Home\Controller\IndexController.class.php 第 8 行.
INFO: [ app_end ] --START--
INFO: Run Behavior\ShowPageTraceBehavior [ RunTime:0.000750s ]
INFO: [ app_end ] --END-- [ RunTime:0.000841s ]

[ 2016-02-23T15:38:00+08:00 ] 172.16.1.119 /lrvp_live/application/api/
INFO: [ app_init ] --START--
INFO: Run Behavior\BuildLiteBehavior [ RunTime:0.000022s ]
INFO: [ app_init ] --END-- [ RunTime:0.000518s ]
INFO: [ app_begin ] --START--
INFO: Run Behavior\ReadHtmlCacheBehavior [ RunTime:0.000699s ]
INFO: [ app_begin ] --END-- [ RunTime:0.000794s ]
NOTIC: [8] Use of undefined constant __PUBLIC__ - assumed '__PUBLIC__' D:\wamp\www\lrvp_live\application\api\application\Home\Controller\IndexController.class.php 第 7 行.
NOTIC: [8] Use of undefined constant __COMMONLOG_PATH__ - assumed '__COMMONLOG_PATH__' D:\wamp\www\lrvp_live\application\api\application\Home\Controller\IndexController.class.php 第 8 行.
INFO: [ app_end ] --START--
INFO: Run Behavior\ShowPageTraceBehavior [ RunTime:0.000691s ]
INFO: [ app_end ] --END-- [ RunTime:0.000780s ]

[ 2016-02-23T15:38:01+08:00 ] 172.16.1.119 /lrvp_live/application/api/
INFO: [ app_init ] --START--
INFO: Run Behavior\BuildLiteBehavior [ RunTime:0.000023s ]
INFO: [ app_init ] --END-- [ RunTime:0.000532s ]
INFO: [ app_begin ] --START--
INFO: Run Behavior\ReadHtmlCacheBehavior [ RunTime:0.000700s ]
INFO: [ app_begin ] --END-- [ RunTime:0.000797s ]
NOTIC: [8] Use of undefined constant __PUBLIC__ - assumed '__PUBLIC__' D:\wamp\www\lrvp_live\application\api\application\Home\Controller\IndexController.class.php 第 7 行.
NOTIC: [8] Use of undefined constant __COMMONLOG_PATH__ - assumed '__COMMONLOG_PATH__' D:\wamp\www\lrvp_live\application\api\application\Home\Controller\IndexController.class.php 第 8 行.
INFO: [ app_end ] --START--
INFO: Run Behavior\ShowPageTraceBehavior [ RunTime:0.000713s ]
INFO: [ app_end ] --END-- [ RunTime:0.000816s ]

[ 2016-02-23T15:38:01+08:00 ] 172.16.1.119 /lrvp_live/application/api/
INFO: [ app_init ] --START--
INFO: Run Behavior\BuildLiteBehavior [ RunTime:0.000021s ]
INFO: [ app_init ] --END-- [ RunTime:0.000492s ]
INFO: [ app_begin ] --START--
INFO: Run Behavior\ReadHtmlCacheBehavior [ RunTime:0.000712s ]
INFO: [ app_begin ] --END-- [ RunTime:0.000813s ]
NOTIC: [8] Use of undefined constant __PUBLIC__ - assumed '__PUBLIC__' D:\wamp\www\lrvp_live\application\api\application\Home\Controller\IndexController.class.php 第 7 行.
NOTIC: [8] Use of undefined constant __COMMONLOG_PATH__ - assumed '__COMMONLOG_PATH__' D:\wamp\www\lrvp_live\application\api\application\Home\Controller\IndexController.class.php 第 8 行.
INFO: [ app_end ] --START--
INFO: Run Behavior\ShowPageTraceBehavior [ RunTime:0.000681s ]
INFO: [ app_end ] --END-- [ RunTime:0.000775s ]

[ 2016-02-23T15:38:01+08:00 ] 172.16.1.119 /lrvp_live/application/api/
INFO: [ app_init ] --START--
INFO: Run Behavior\BuildLiteBehavior [ RunTime:0.000022s ]
INFO: [ app_init ] --END-- [ RunTime:0.000465s ]
INFO: [ app_begin ] --START--
INFO: Run Behavior\ReadHtmlCacheBehavior [ RunTime:0.000706s ]
INFO: [ app_begin ] --END-- [ RunTime:0.000799s ]
NOTIC: [8] Use of undefined constant __PUBLIC__ - assumed '__PUBLIC__' D:\wamp\www\lrvp_live\application\api\application\Home\Controller\IndexController.class.php 第 7 行.
NOTIC: [8] Use of undefined constant __COMMONLOG_PATH__ - assumed '__COMMONLOG_PATH__' D:\wamp\www\lrvp_live\application\api\application\Home\Controller\IndexController.class.php 第 8 行.
INFO: [ app_end ] --START--
INFO: Run Behavior\ShowPageTraceBehavior [ RunTime:0.000843s ]
INFO: [ app_end ] --END-- [ RunTime:0.000966s ]

[ 2016-02-23T15:38:01+08:00 ] 172.16.1.119 /lrvp_live/application/api/
INFO: [ app_init ] --START--
INFO: Run Behavior\BuildLiteBehavior [ RunTime:0.000024s ]
INFO: [ app_init ] --END-- [ RunTime:0.000503s ]
INFO: [ app_begin ] --START--
INFO: Run Behavior\ReadHtmlCacheBehavior [ RunTime:0.000696s ]
INFO: [ app_begin ] --END-- [ RunTime:0.000797s ]
NOTIC: [8] Use of undefined constant __PUBLIC__ - assumed '__PUBLIC__' D:\wamp\www\lrvp_live\application\api\application\Home\Controller\IndexController.class.php 第 7 行.
NOTIC: [8] Use of undefined constant __COMMONLOG_PATH__ - assumed '__COMMONLOG_PATH__' D:\wamp\www\lrvp_live\application\api\application\Home\Controller\IndexController.class.php 第 8 行.
INFO: [ app_end ] --START--
INFO: Run Behavior\ShowPageTraceBehavior [ RunTime:0.000755s ]
INFO: [ app_end ] --END-- [ RunTime:0.000850s ]

[ 2016-02-23T15:38:01+08:00 ] 172.16.1.119 /lrvp_live/application/api/
INFO: [ app_init ] --START--
INFO: Run Behavior\BuildLiteBehavior [ RunTime:0.000023s ]
INFO: [ app_init ] --END-- [ RunTime:0.000513s ]
INFO: [ app_begin ] --START--
INFO: Run Behavior\ReadHtmlCacheBehavior [ RunTime:0.000845s ]
INFO: [ app_begin ] --END-- [ RunTime:0.000977s ]
NOTIC: [8] Use of undefined constant __PUBLIC__ - assumed '__PUBLIC__' D:\wamp\www\lrvp_live\application\api\application\Home\Controller\IndexController.class.php 第 7 行.
NOTIC: [8] Use of undefined constant __COMMONLOG_PATH__ - assumed '__COMMONLOG_PATH__' D:\wamp\www\lrvp_live\application\api\application\Home\Controller\IndexController.class.php 第 8 行.
INFO: [ app_end ] --START--
INFO: Run Behavior\ShowPageTraceBehavior [ RunTime:0.000757s ]
INFO: [ app_end ] --END-- [ RunTime:0.000856s ]

[ 2016-02-23T15:38:01+08:00 ] 172.16.1.119 /lrvp_live/application/api/
INFO: [ app_init ] --START--
INFO: Run Behavior\BuildLiteBehavior [ RunTime:0.000022s ]
INFO: [ app_init ] --END-- [ RunTime:0.000507s ]
INFO: [ app_begin ] --START--
INFO: Run Behavior\ReadHtmlCacheBehavior [ RunTime:0.000690s ]
INFO: [ app_begin ] --END-- [ RunTime:0.000795s ]
NOTIC: [8] Use of undefined constant __PUBLIC__ - assumed '__PUBLIC__' D:\wamp\www\lrvp_live\application\api\application\Home\Controller\IndexController.class.php 第 7 行.
NOTIC: [8] Use of undefined constant __COMMONLOG_PATH__ - assumed '__COMMONLOG_PATH__' D:\wamp\www\lrvp_live\application\api\application\Home\Controller\IndexController.class.php 第 8 行.
INFO: [ app_end ] --START--
INFO: Run Behavior\ShowPageTraceBehavior [ RunTime:0.000679s ]
INFO: [ app_end ] --END-- [ RunTime:0.000770s ]

[ 2016-02-23T15:38:02+08:00 ] 172.16.1.119 /lrvp_live/application/api/
INFO: [ app_init ] --START--
INFO: Run Behavior\BuildLiteBehavior [ RunTime:0.000023s ]
INFO: [ app_init ] --END-- [ RunTime:0.000526s ]
INFO: [ app_begin ] --START--
INFO: Run Behavior\ReadHtmlCacheBehavior [ RunTime:0.000809s ]
INFO: [ app_begin ] --END-- [ RunTime:0.000938s ]
NOTIC: [8] Use of undefined constant __PUBLIC__ - assumed '__PUBLIC__' D:\wamp\www\lrvp_live\application\api\application\Home\Controller\IndexController.class.php 第 7 行.
NOTIC: [8] Use of undefined constant __COMMONLOG_PATH__ - assumed '__COMMONLOG_PATH__' D:\wamp\www\lrvp_live\application\api\application\Home\Controller\IndexController.class.php 第 8 行.
INFO: [ app_end ] --START--
INFO: Run Behavior\ShowPageTraceBehavior [ RunTime:0.000768s ]
INFO: [ app_end ] --END-- [ RunTime:0.000863s ]

[ 2016-02-23T15:38:02+08:00 ] 172.16.1.119 /lrvp_live/application/api/
INFO: [ app_init ] --START--
INFO: Run Behavior\BuildLiteBehavior [ RunTime:0.000025s ]
INFO: [ app_init ] --END-- [ RunTime:0.000562s ]
INFO: [ app_begin ] --START--
INFO: Run Behavior\ReadHtmlCacheBehavior [ RunTime:0.000749s ]
INFO: [ app_begin ] --END-- [ RunTime:0.000861s ]
NOTIC: [8] Use of undefined constant __PUBLIC__ - assumed '__PUBLIC__' D:\wamp\www\lrvp_live\application\api\application\Home\Controller\IndexController.class.php 第 7 行.
NOTIC: [8] Use of undefined constant __COMMONLOG_PATH__ - assumed '__COMMONLOG_PATH__' D:\wamp\www\lrvp_live\application\api\application\Home\Controller\IndexController.class.php 第 8 行.
INFO: [ app_end ] --START--
INFO: Run Behavior\ShowPageTraceBehavior [ RunTime:0.000775s ]
INFO: [ app_end ] --END-- [ RunTime:0.000868s ]

[ 2016-02-23T15:40:09+08:00 ] 172.16.1.119 /lrvp_live/application/api/
INFO: [ app_init ] --START--
INFO: Run Behavior\BuildLiteBehavior [ RunTime:0.000021s ]
INFO: [ app_init ] --END-- [ RunTime:0.000492s ]
INFO: [ app_begin ] --START--
INFO: Run Behavior\ReadHtmlCacheBehavior [ RunTime:0.000674s ]
INFO: [ app_begin ] --END-- [ RunTime:0.000770s ]
NOTIC: [8] Use of undefined constant __PUBLIC__ - assumed '__PUBLIC__' D:\wamp\www\lrvp_live\application\api\application\Home\Controller\IndexController.class.php 第 7 行.
NOTIC: [8] Use of undefined constant __COMMONLOG_PATH__ - assumed '__COMMONLOG_PATH__' D:\wamp\www\lrvp_live\application\api\application\Home\Controller\IndexController.class.php 第 8 行.
INFO: [ app_end ] --START--
INFO: Run Behavior\ShowPageTraceBehavior [ RunTime:0.000707s ]
INFO: [ app_end ] --END-- [ RunTime:0.000805s ]

[ 2016-02-23T15:45:05+08:00 ] 172.16.1.119 /lrvp_live/application/api/
INFO: [ app_init ] --START--
INFO: Run Behavior\BuildLiteBehavior [ RunTime:0.000024s ]
INFO: [ app_init ] --END-- [ RunTime:0.000696s ]
INFO: [ app_begin ] --START--
INFO: Run Behavior\ReadHtmlCacheBehavior [ RunTime:0.000856s ]
INFO: [ app_begin ] --END-- [ RunTime:0.000961s ]
INFO: [ view_parse ] --START--
INFO: Run Behavior\ParseTemplateBehavior [ RunTime:0.023295s ]
INFO: [ view_parse ] --END-- [ RunTime:0.023420s ]
INFO: [ view_filter ] --START--
INFO: Run Behavior\WriteHtmlCacheBehavior [ RunTime:0.001002s ]
INFO: [ view_filter ] --END-- [ RunTime:0.001101s ]
INFO: [ app_end ] --START--
INFO: Run Behavior\ShowPageTraceBehavior [ RunTime:0.000811s ]
INFO: [ app_end ] --END-- [ RunTime:0.000906s ]

[ 2016-02-23T15:45:10+08:00 ] 172.16.1.119 /lrvp_live/application/api/
INFO: [ app_init ] --START--
INFO: Run Behavior\BuildLiteBehavior [ RunTime:0.000025s ]
INFO: [ app_init ] --END-- [ RunTime:0.000564s ]
INFO: [ app_begin ] --START--
INFO: Run Behavior\ReadHtmlCacheBehavior [ RunTime:0.000923s ]
INFO: [ app_begin ] --END-- [ RunTime:0.001034s ]
INFO: [ view_parse ] --START--
INFO: Run Behavior\ParseTemplateBehavior [ RunTime:0.000710s ]
INFO: [ view_parse ] --END-- [ RunTime:0.000825s ]
INFO: [ view_filter ] --START--
INFO: Run Behavior\WriteHtmlCacheBehavior [ RunTime:0.000737s ]
INFO: [ view_filter ] --END-- [ RunTime:0.000841s ]
INFO: [ app_end ] --START--
INFO: Run Behavior\ShowPageTraceBehavior [ RunTime:0.001097s ]
INFO: [ app_end ] --END-- [ RunTime:0.001216s ]

[ 2016-02-23T15:45:41+08:00 ] 172.16.1.119 /lrvp_live/application/api/
INFO: [ app_init ] --START--
INFO: Run Behavior\BuildLiteBehavior [ RunTime:0.000024s ]
INFO: [ app_init ] --END-- [ RunTime:0.000583s ]
INFO: [ app_begin ] --START--
INFO: Run Behavior\ReadHtmlCacheBehavior [ RunTime:0.000788s ]
INFO: [ app_begin ] --END-- [ RunTime:0.000894s ]
NOTIC: [8] Use of undefined constant __PUBLIC__ - assumed '__PUBLIC__' D:\wamp\www\lrvp_live\application\api\application\Home\Controller\IndexController.class.php 第 7 行.
NOTIC: [8] Use of undefined constant __COMMONLOG_PATH__ - assumed '__COMMONLOG_PATH__' D:\wamp\www\lrvp_live\application\api\application\Home\Controller\IndexController.class.php 第 8 行.
INFO: [ app_end ] --START--
INFO: Run Behavior\ShowPageTraceBehavior [ RunTime:0.000690s ]
INFO: [ app_end ] --END-- [ RunTime:0.000782s ]

[ 2016-02-23T15:47:22+08:00 ] 172.16.1.119 /lrvp_live/application/api/
INFO: [ app_init ] --START--
INFO: Run Behavior\BuildLiteBehavior [ RunTime:0.000025s ]
INFO: [ app_init ] --END-- [ RunTime:0.000528s ]
INFO: [ app_begin ] --START--
INFO: Run Behavior\ReadHtmlCacheBehavior [ RunTime:0.000731s ]
INFO: [ app_begin ] --END-- [ RunTime:0.000833s ]
NOTIC: [8] Use of undefined constant __PUBLIC__ - assumed '__PUBLIC__' D:\wamp\www\lrvp_live\application\api\application\Home\Controller\IndexController.class.php 第 7 行.
NOTIC: [8] Use of undefined constant __COMMONLOG_PATH__ - assumed '__COMMONLOG_PATH__' D:\wamp\www\lrvp_live\application\api\application\Home\Controller\IndexController.class.php 第 8 行.
INFO: [ app_end ] --START--
INFO: Run Behavior\ShowPageTraceBehavior [ RunTime:0.000802s ]
INFO: [ app_end ] --END-- [ RunTime:0.000901s ]

[ 2016-02-23T15:49:31+08:00 ] 172.16.1.119 /lrvp_live/application/api/
INFO: [ app_init ] --START--
INFO: Run Behavior\BuildLiteBehavior [ RunTime:0.000023s ]
INFO: [ app_init ] --END-- [ RunTime:0.000530s ]
INFO: [ app_begin ] --START--
INFO: Run Behavior\ReadHtmlCacheBehavior [ RunTime:0.000712s ]
INFO: [ app_begin ] --END-- [ RunTime:0.000807s ]
NOTIC: [8] Use of undefined constant __PUBLIC__ - assumed '__PUBLIC__' D:\wamp\www\lrvp_live\application\api\application\Home\Controller\IndexController.class.php 第 7 行.
NOTIC: [8] Use of undefined constant __COMMONLOG_PATH__ - assumed '__COMMONLOG_PATH__' D:\wamp\www\lrvp_live\application\api\application\Home\Controller\IndexController.class.php 第 8 行.
INFO: [ app_end ] --START--
INFO: Run Behavior\ShowPageTraceBehavior [ RunTime:0.000719s ]
INFO: [ app_end ] --END-- [ RunTime:0.000826s ]

[ 2016-02-23T15:51:00+08:00 ] 172.16.1.119 /lrvp_live/application/api/
INFO: [ app_init ] --START--
INFO: Run Behavior\BuildLiteBehavior [ RunTime:0.000022s ]
INFO: [ app_init ] --END-- [ RunTime:0.000512s ]
INFO: [ app_begin ] --START--
INFO: Run Behavior\ReadHtmlCacheBehavior [ RunTime:0.000818s ]
INFO: [ app_begin ] --END-- [ RunTime:0.000936s ]
NOTIC: [8] Use of undefined constant __PUBLIC__ - assumed '__PUBLIC__' D:\wamp\www\lrvp_live\application\api\application\Home\Controller\IndexController.class.php 第 7 行.
NOTIC: [8] Use of undefined constant __COMMONLOG_PATH__ - assumed '__COMMONLOG_PATH__' D:\wamp\www\lrvp_live\application\api\application\Home\Controller\IndexController.class.php 第 8 行.
INFO: [ app_end ] --START--
INFO: Run Behavior\ShowPageTraceBehavior [ RunTime:0.000926s ]
INFO: [ app_end ] --END-- [ RunTime:0.001062s ]

[ 2016-02-23T15:51:41+08:00 ] 172.16.1.119 /lrvp_live/application/api/
INFO: [ app_init ] --START--
INFO: Run Behavior\BuildLiteBehavior [ RunTime:0.000023s ]
INFO: [ app_init ] --END-- [ RunTime:0.000536s ]
INFO: [ app_begin ] --START--
INFO: Run Behavior\ReadHtmlCacheBehavior [ RunTime:0.000699s ]
INFO: [ app_begin ] --END-- [ RunTime:0.000794s ]
NOTIC: [8] Use of undefined constant __PUBLIC__ - assumed '__PUBLIC__' D:\wamp\www\lrvp_live\application\api\application\Home\Controller\IndexController.class.php 第 7 行.
NOTIC: [8] Use of undefined constant __COMMONLOG_PATH__ - assumed '__COMMONLOG_PATH__' D:\wamp\www\lrvp_live\application\api\application\Home\Controller\IndexController.class.php 第 8 行.
INFO: [ app_end ] --START--
INFO: Run Behavior\ShowPageTraceBehavior [ RunTime:0.000679s ]
INFO: [ app_end ] --END-- [ RunTime:0.000770s ]

[ 2016-02-23T16:01:27+08:00 ] 172.16.1.119 /lrvp_live/application/API/
INFO: [ app_init ] --START--
INFO: Run Behavior\BuildLiteBehavior [ RunTime:0.000022s ]
INFO: [ app_init ] --END-- [ RunTime:0.000522s ]
INFO: [ app_begin ] --START--
INFO: Run Behavior\ReadHtmlCacheBehavior [ RunTime:0.000738s ]
INFO: [ app_begin ] --END-- [ RunTime:0.000835s ]
NOTIC: [8] Use of undefined constant __PUBLIC__ - assumed '__PUBLIC__' D:\wamp\www\lrvp_live\application\api\Application\Home\Controller\IndexController.class.php 第 7 行.
NOTIC: [8] Use of undefined constant __COMMONLOG_PATH__ - assumed '__COMMONLOG_PATH__' D:\wamp\www\lrvp_live\application\api\Application\Home\Controller\IndexController.class.php 第 8 行.
INFO: [ app_end ] --START--
INFO: Run Behavior\ShowPageTraceBehavior [ RunTime:0.000705s ]
INFO: [ app_end ] --END-- [ RunTime:0.000796s ]

[ 2016-02-23T16:04:06+08:00 ] 172.16.1.119 /lrvp_live/application/API/home/index/index
INFO: [ app_init ] --START--
INFO: Run Behavior\BuildLiteBehavior [ RunTime:0.000027s ]
INFO: [ app_init ] --END-- [ RunTime:0.000628s ]
INFO: [ app_begin ] --START--
INFO: Run Behavior\ReadHtmlCacheBehavior [ RunTime:0.000795s ]
INFO: [ app_begin ] --END-- [ RunTime:0.000912s ]
NOTIC: [8] Use of undefined constant __PUBLIC__ - assumed '__PUBLIC__' D:\wamp\www\lrvp_live\application\api\Application\Home\Controller\IndexController.class.php 第 7 行.
NOTIC: [8] Use of undefined constant __COMMONLOG_PATH__ - assumed '__COMMONLOG_PATH__' D:\wamp\www\lrvp_live\application\api\Application\Home\Controller\IndexController.class.php 第 8 行.
INFO: [ app_end ] --START--
INFO: Run Behavior\ShowPageTraceBehavior [ RunTime:0.000758s ]
INFO: [ app_end ] --END-- [ RunTime:0.000871s ]

[ 2016-02-23T16:04:07+08:00 ] 172.16.1.119 /lrvp_live/application/API/home/index/index
INFO: [ app_init ] --START--
INFO: Run Behavior\BuildLiteBehavior [ RunTime:0.000022s ]
INFO: [ app_init ] --END-- [ RunTime:0.000538s ]
INFO: [ app_begin ] --START--
INFO: Run Behavior\ReadHtmlCacheBehavior [ RunTime:0.000689s ]
INFO: [ app_begin ] --END-- [ RunTime:0.000783s ]
NOTIC: [8] Use of undefined constant __PUBLIC__ - assumed '__PUBLIC__' D:\wamp\www\lrvp_live\application\api\Application\Home\Controller\IndexController.class.php 第 7 行.
NOTIC: [8] Use of undefined constant __COMMONLOG_PATH__ - assumed '__COMMONLOG_PATH__' D:\wamp\www\lrvp_live\application\api\Application\Home\Controller\IndexController.class.php 第 8 行.
INFO: [ app_end ] --START--
INFO: Run Behavior\ShowPageTraceBehavior [ RunTime:0.000782s ]
INFO: [ app_end ] --END-- [ RunTime:0.000881s ]

[ 2016-02-23T16:04:07+08:00 ] 172.16.1.119 /lrvp_live/application/API/home/index/index
INFO: [ app_init ] --START--
INFO: Run Behavior\BuildLiteBehavior [ RunTime:0.000021s ]
INFO: [ app_init ] --END-- [ RunTime:0.000523s ]
INFO: [ app_begin ] --START--
INFO: Run Behavior\ReadHtmlCacheBehavior [ RunTime:0.000705s ]
INFO: [ app_begin ] --END-- [ RunTime:0.000801s ]
NOTIC: [8] Use of undefined constant __PUBLIC__ - assumed '__PUBLIC__' D:\wamp\www\lrvp_live\application\api\Application\Home\Controller\IndexController.class.php 第 7 行.
NOTIC: [8] Use of undefined constant __COMMONLOG_PATH__ - assumed '__COMMONLOG_PATH__' D:\wamp\www\lrvp_live\application\api\Application\Home\Controller\IndexController.class.php 第 8 行.
INFO: [ app_end ] --START--
INFO: Run Behavior\ShowPageTraceBehavior [ RunTime:0.000755s ]
INFO: [ app_end ] --END-- [ RunTime:0.000854s ]

[ 2016-02-23T16:05:59+08:00 ] 172.16.1.119 /lrvp_live/application/API/home/index/index
INFO: [ app_init ] --START--
INFO: Run Behavior\BuildLiteBehavior [ RunTime:0.000022s ]
INFO: [ app_init ] --END-- [ RunTime:0.000524s ]
INFO: [ app_begin ] --START--
INFO: Run Behavior\ReadHtmlCacheBehavior [ RunTime:0.000703s ]
INFO: [ app_begin ] --END-- [ RunTime:0.000799s ]
NOTIC: [8] Use of undefined constant __PUBLIC__ - assumed '__PUBLIC__' D:\wamp\www\lrvp_live\application\api\Application\Home\Controller\IndexController.class.php 第 7 行.
NOTIC: [8] Use of undefined constant __COMMONLOG_PATH__ - assumed '__COMMONLOG_PATH__' D:\wamp\www\lrvp_live\application\api\Application\Home\Controller\IndexController.class.php 第 8 行.
INFO: [ app_end ] --START--
INFO: Run Behavior\ShowPageTraceBehavior [ RunTime:0.000721s ]
INFO: [ app_end ] --END-- [ RunTime:0.000816s ]

[ 2016-02-23T16:06:19+08:00 ] 172.16.1.119 /lrvp_live/application/API/home/live/index
INFO: [ app_init ] --START--
INFO: Run Behavior\BuildLiteBehavior [ RunTime:0.000031s ]
INFO: [ app_init ] --END-- [ RunTime:0.000574s ]
INFO: [ app_begin ] --START--
INFO: Run Behavior\ReadHtmlCacheBehavior [ RunTime:0.000734s ]
INFO: [ app_begin ] --END-- [ RunTime:0.000842s ]
INFO: [ app_end ] --START--
INFO: Run Behavior\ShowPageTraceBehavior [ RunTime:0.000669s ]
INFO: [ app_end ] --END-- [ RunTime:0.000769s ]

[ 2016-02-23T16:21:24+08:00 ] 172.16.1.119 /lrvp_live/application/api/home/Live/createLiveChannel
INFO: [ app_init ] --START--
INFO: Run Behavior\BuildLiteBehavior [ RunTime:0.000025s ]
INFO: [ app_init ] --END-- [ RunTime:0.000553s ]
INFO: [ app_begin ] --START--
INFO: Run Behavior\ReadHtmlCacheBehavior [ RunTime:0.000695s ]
INFO: [ app_begin ] --END-- [ RunTime:0.000800s ]
ERR: Think\Controller:I方法不存在！

[ 2016-02-23T16:21:25+08:00 ] 172.16.1.119 /lrvp_live/application/api/home/Live/createLiveChannel
INFO: [ app_init ] --START--
INFO: Run Behavior\BuildLiteBehavior [ RunTime:0.000044s ]
INFO: [ app_init ] --END-- [ RunTime:0.000668s ]
INFO: [ app_begin ] --START--
INFO: Run Behavior\ReadHtmlCacheBehavior [ RunTime:0.000586s ]
INFO: [ app_begin ] --END-- [ RunTime:0.000700s ]
ERR: Think\Controller:I方法不存在！

[ 2016-02-23T16:21:25+08:00 ] 172.16.1.119 /lrvp_live/application/api/home/Live/createLiveChannel
INFO: [ app_init ] --START--
INFO: Run Behavior\BuildLiteBehavior [ RunTime:0.000024s ]
INFO: [ app_init ] --END-- [ RunTime:0.000466s ]
INFO: [ app_begin ] --START--
INFO: Run Behavior\ReadHtmlCacheBehavior [ RunTime:0.000637s ]
INFO: [ app_begin ] --END-- [ RunTime:0.000757s ]
ERR: Think\Controller:I方法不存在！

[ 2016-02-23T16:21:25+08:00 ] 172.16.1.119 /lrvp_live/application/api/home/Live/createLiveChannel
INFO: [ app_init ] --START--
INFO: Run Behavior\BuildLiteBehavior [ RunTime:0.000024s ]
INFO: [ app_init ] --END-- [ RunTime:0.000497s ]
INFO: [ app_begin ] --START--
INFO: Run Behavior\ReadHtmlCacheBehavior [ RunTime:0.000587s ]
INFO: [ app_begin ] --END-- [ RunTime:0.000689s ]
ERR: Think\Controller:I方法不存在！

[ 2016-02-23T16:22:01+08:00 ] 172.16.1.119 /lrvp_live/application/API/home/live/createLiveChannel
INFO: [ app_init ] --START--
INFO: Run Behavior\BuildLiteBehavior [ RunTime:0.000021s ]
INFO: [ app_init ] --END-- [ RunTime:0.000484s ]
INFO: [ app_begin ] --START--
INFO: Run Behavior\ReadHtmlCacheBehavior [ RunTime:0.000657s ]
INFO: [ app_begin ] --END-- [ RunTime:0.000759s ]
ERR: Think\Controller:I方法不存在！

[ 2016-02-23T16:22:26+08:00 ] 172.16.1.119 /lrvp_live/application/API/home/live/
INFO: [ app_init ] --START--
INFO: Run Behavior\BuildLiteBehavior [ RunTime:0.000029s ]
INFO: [ app_init ] --END-- [ RunTime:0.000510s ]
INFO: [ app_begin ] --START--
INFO: Run Behavior\ReadHtmlCacheBehavior [ RunTime:0.000632s ]
INFO: [ app_begin ] --END-- [ RunTime:0.000729s ]
INFO: [ app_end ] --START--
INFO: Run Behavior\ShowPageTraceBehavior [ RunTime:0.000810s ]
INFO: [ app_end ] --END-- [ RunTime:0.000914s ]

[ 2016-02-23T16:22:32+08:00 ] 172.16.1.119 /lrvp_live/application/API/home/live/index
INFO: [ app_init ] --START--
INFO: Run Behavior\BuildLiteBehavior [ RunTime:0.000022s ]
INFO: [ app_init ] --END-- [ RunTime:0.000462s ]
INFO: [ app_begin ] --START--
INFO: Run Behavior\ReadHtmlCacheBehavior [ RunTime:0.000559s ]
INFO: [ app_begin ] --END-- [ RunTime:0.000655s ]
INFO: [ app_end ] --START--
INFO: Run Behavior\ShowPageTraceBehavior [ RunTime:0.000598s ]
INFO: [ app_end ] --END-- [ RunTime:0.000723s ]

[ 2016-02-23T16:23:01+08:00 ] 172.16.1.119 /lrvp_live/application/API/home/live/test
INFO: [ app_init ] --START--
INFO: Run Behavior\BuildLiteBehavior [ RunTime:0.000023s ]
INFO: [ app_init ] --END-- [ RunTime:0.000471s ]
INFO: [ app_begin ] --START--
INFO: Run Behavior\ReadHtmlCacheBehavior [ RunTime:0.000540s ]
INFO: [ app_begin ] --END-- [ RunTime:0.000640s ]
INFO: [ app_end ] --START--
INFO: Run Behavior\ShowPageTraceBehavior [ RunTime:0.000545s ]
INFO: [ app_end ] --END-- [ RunTime:0.000653s ]

[ 2016-02-23T16:23:16+08:00 ] 172.16.1.119 /lrvp_live/application/api/home/Live/test
INFO: [ app_init ] --START--
INFO: Run Behavior\BuildLiteBehavior [ RunTime:0.000023s ]
INFO: [ app_init ] --END-- [ RunTime:0.000480s ]
INFO: [ app_begin ] --START--
INFO: Run Behavior\ReadHtmlCacheBehavior [ RunTime:0.000468s ]
INFO: [ app_begin ] --END-- [ RunTime:0.000562s ]
INFO: [ app_end ] --START--
INFO: Run Behavior\ShowPageTraceBehavior [ RunTime:0.000535s ]
INFO: [ app_end ] --END-- [ RunTime:0.000635s ]

[ 2016-02-23T17:26:52+08:00 ] 172.16.1.119 /lrvp_live/application/api/home/Live/test
INFO: [ app_init ] --START--
INFO: Run Behavior\BuildLiteBehavior [ RunTime:0.000025s ]
INFO: [ app_init ] --END-- [ RunTime:0.000592s ]
INFO: [ app_begin ] --START--
INFO: Run Behavior\ReadHtmlCacheBehavior [ RunTime:0.000711s ]
INFO: [ app_begin ] --END-- [ RunTime:0.000819s ]
INFO: [ app_end ] --START--
INFO: Run Behavior\ShowPageTraceBehavior [ RunTime:0.000774s ]
INFO: [ app_end ] --END-- [ RunTime:0.000894s ]

[ 2016-02-23T17:27:10+08:00 ] 172.16.1.119 /lrvp_live/application/api/home/Live/createLiveChannel
INFO: [ app_init ] --START--
INFO: Run Behavior\BuildLiteBehavior [ RunTime:0.000024s ]
INFO: [ app_init ] --END-- [ RunTime:0.000551s ]
INFO: [ app_begin ] --START--
INFO: Run Behavior\ReadHtmlCacheBehavior [ RunTime:0.000582s ]
INFO: [ app_begin ] --END-- [ RunTime:0.000696s ]
ERR: Think\Controller:I方法不存在！

[ 2016-02-23T17:28:17+08:00 ] 172.16.1.119 /lrvp_live/application/api/home/Live/createLiveChannel
INFO: [ app_init ] --START--
INFO: Run Behavior\BuildLiteBehavior [ RunTime:0.000067s ]
INFO: [ app_init ] --END-- [ RunTime:0.000920s ]
INFO: [ app_begin ] --START--
INFO: Run Behavior\ReadHtmlCacheBehavior [ RunTime:0.000553s ]
INFO: [ app_begin ] --END-- [ RunTime:0.000662s ]

[ 2016-02-23T17:28:32+08:00 ] 172.16.1.119 /lrvp_live/application/api/home/Live/createLiveChannel
INFO: [ app_init ] --START--
INFO: Run Behavior\BuildLiteBehavior [ RunTime:0.000023s ]
INFO: [ app_init ] --END-- [ RunTime:0.000444s ]
INFO: [ app_begin ] --START--
INFO: Run Behavior\ReadHtmlCacheBehavior [ RunTime:0.000483s ]
INFO: [ app_begin ] --END-- [ RunTime:0.000581s ]

[ 2016-02-23T17:28:45+08:00 ] 172.16.1.119 /lrvp_live/application/api/home/Live/createLiveChannel
INFO: [ app_init ] --START--
INFO: Run Behavior\BuildLiteBehavior [ RunTime:0.000025s ]
INFO: [ app_init ] --END-- [ RunTime:0.000620s ]
INFO: [ app_begin ] --START--
INFO: Run Behavior\ReadHtmlCacheBehavior [ RunTime:0.000593s ]
INFO: [ app_begin ] --END-- [ RunTime:0.000704s ]

[ 2016-02-23T17:30:12+08:00 ] 172.16.1.119 /lrvp_live/application/api/home/Live/createLiveChannel
INFO: [ app_init ] --START--
INFO: Run Behavior\BuildLiteBehavior [ RunTime:0.000024s ]
INFO: [ app_init ] --END-- [ RunTime:0.000523s ]
INFO: [ app_begin ] --START--
INFO: Run Behavior\ReadHtmlCacheBehavior [ RunTime:0.000615s ]
INFO: [ app_begin ] --END-- [ RunTime:0.000713s ]
NOTIC: [8] Use of undefined constant your_access_key - assumed 'your_access_key' D:\wamp\www\lrvp_live\application\api\Application\Home\Controller\LiveController.class.php 第 31 行.
NOTIC: [8] Use of undefined constant your_secret_key - assumed 'your_secret_key' D:\wamp\www\lrvp_live\application\api\Application\Home\Controller\LiveController.class.php 第 32 行.

[ 2016-02-23T17:34:46+08:00 ] 172.16.1.119 /lrvp_live/application/api/home/Live/createLiveChannel
INFO: [ app_init ] --START--
INFO: Run Behavior\BuildLiteBehavior [ RunTime:0.000023s ]
INFO: [ app_init ] --END-- [ RunTime:0.000543s ]
INFO: [ app_begin ] --START--
INFO: Run Behavior\ReadHtmlCacheBehavior [ RunTime:0.000769s ]
INFO: [ app_begin ] --END-- [ RunTime:0.000983s ]
NOTIC: [8] Use of undefined constant your_access_key - assumed 'your_access_key' D:\wamp\www\lrvp_live\application\api\Application\Home\Controller\LiveController.class.php 第 31 行.
NOTIC: [8] Use of undefined constant your_secret_key - assumed 'your_secret_key' D:\wamp\www\lrvp_live\application\api\Application\Home\Controller\LiveController.class.php 第 32 行.

[ 2016-02-23T17:37:53+08:00 ] 172.16.1.119 /lrvp_live/application/api/home/Live/createLiveChannel
INFO: [ app_init ] --START--
INFO: Run Behavior\BuildLiteBehavior [ RunTime:0.000036s ]
INFO: [ app_init ] --END-- [ RunTime:0.000620s ]
INFO: [ app_begin ] --START--
INFO: Run Behavior\ReadHtmlCacheBehavior [ RunTime:0.000692s ]
INFO: [ app_begin ] --END-- [ RunTime:0.000801s ]

[ 2016-02-23T17:45:40+08:00 ] 172.16.1.119 /lrvp_live/application/api/home/Live/createLiveChannel
INFO: [ app_init ] --START--
INFO: Run Behavior\BuildLiteBehavior [ RunTime:0.000023s ]
INFO: [ app_init ] --END-- [ RunTime:0.000525s ]
INFO: [ app_begin ] --START--
INFO: Run Behavior\ReadHtmlCacheBehavior [ RunTime:0.000636s ]
INFO: [ app_begin ] --END-- [ RunTime:0.000735s ]

[ 2016-02-23T17:45:40+08:00 ] 172.16.1.119 /lrvp_live/application/api/home/Live/createLiveChannel
INFO: [ app_init ] --START--
INFO: Run Behavior\BuildLiteBehavior [ RunTime:0.000086s ]
INFO: [ app_init ] --END-- [ RunTime:0.000585s ]
INFO: [ app_begin ] --START--
INFO: Run Behavior\ReadHtmlCacheBehavior [ RunTime:0.000514s ]
INFO: [ app_begin ] --END-- [ RunTime:0.000619s ]

[ 2016-02-23T17:45:41+08:00 ] 172.16.1.119 /lrvp_live/application/api/home/Live/createLiveChannel
INFO: [ app_init ] --START--
INFO: Run Behavior\BuildLiteBehavior [ RunTime:0.000021s ]
INFO: [ app_init ] --END-- [ RunTime:0.000481s ]
INFO: [ app_begin ] --START--
INFO: Run Behavior\ReadHtmlCacheBehavior [ RunTime:0.000540s ]
INFO: [ app_begin ] --END-- [ RunTime:0.000639s ]

[ 2016-02-23T17:45:41+08:00 ] 172.16.1.119 /lrvp_live/application/api/home/Live/createLiveChannel
INFO: [ app_init ] --START--
INFO: Run Behavior\BuildLiteBehavior [ RunTime:0.000025s ]
INFO: [ app_init ] --END-- [ RunTime:0.000495s ]
INFO: [ app_begin ] --START--
INFO: Run Behavior\ReadHtmlCacheBehavior [ RunTime:0.000622s ]
INFO: [ app_begin ] --END-- [ RunTime:0.000741s ]

[ 2016-02-23T17:45:44+08:00 ] 172.16.1.119 /lrvp_live/application/api/home/Live/createLiveChannel
INFO: [ app_init ] --START--
INFO: Run Behavior\BuildLiteBehavior [ RunTime:0.000023s ]
INFO: [ app_init ] --END-- [ RunTime:0.000471s ]
INFO: [ app_begin ] --START--
INFO: Run Behavior\ReadHtmlCacheBehavior [ RunTime:0.000549s ]
INFO: [ app_begin ] --END-- [ RunTime:0.000657s ]

[ 2016-02-23T17:45:45+08:00 ] 172.16.1.119 /lrvp_live/application/api/home/Live/createLiveChannel
INFO: [ app_init ] --START--
INFO: Run Behavior\BuildLiteBehavior [ RunTime:0.000023s ]
INFO: [ app_init ] --END-- [ RunTime:0.000465s ]
INFO: [ app_begin ] --START--
INFO: Run Behavior\ReadHtmlCacheBehavior [ RunTime:0.000525s ]
INFO: [ app_begin ] --END-- [ RunTime:0.000622s ]

[ 2016-02-23T17:46:57+08:00 ] 172.16.1.119 /lrvp_live/application/api/home/Live/createLiveChannel
INFO: [ app_init ] --START--
INFO: Run Behavior\BuildLiteBehavior [ RunTime:0.000024s ]
INFO: [ app_init ] --END-- [ RunTime:0.000537s ]
INFO: [ app_begin ] --START--
INFO: Run Behavior\ReadHtmlCacheBehavior [ RunTime:0.000552s ]
INFO: [ app_begin ] --END-- [ RunTime:0.000648s ]

[ 2016-02-23T17:46:58+08:00 ] 172.16.1.119 /lrvp_live/application/api/home/Live/createLiveChannel
INFO: [ app_init ] --START--
INFO: Run Behavior\BuildLiteBehavior [ RunTime:0.000024s ]
INFO: [ app_init ] --END-- [ RunTime:0.000488s ]
INFO: [ app_begin ] --START--
INFO: Run Behavior\ReadHtmlCacheBehavior [ RunTime:0.000569s ]
INFO: [ app_begin ] --END-- [ RunTime:0.000683s ]

[ 2016-02-23T17:49:43+08:00 ] 172.16.1.119 /lrvp_live/application/api/home/Live/createLiveChannel
INFO: [ app_init ] --START--
INFO: Run Behavior\BuildLiteBehavior [ RunTime:0.000025s ]
INFO: [ app_init ] --END-- [ RunTime:0.000565s ]
INFO: [ app_begin ] --START--
INFO: Run Behavior\ReadHtmlCacheBehavior [ RunTime:0.000668s ]
INFO: [ app_begin ] --END-- [ RunTime:0.000789s ]

[ 2016-02-23T17:49:44+08:00 ] 172.16.1.119 /lrvp_live/application/api/home/Live/createLiveChannel
INFO: [ app_init ] --START--
INFO: Run Behavior\BuildLiteBehavior [ RunTime:0.000024s ]
INFO: [ app_init ] --END-- [ RunTime:0.000500s ]
INFO: [ app_begin ] --START--
INFO: Run Behavior\ReadHtmlCacheBehavior [ RunTime:0.000581s ]
INFO: [ app_begin ] --END-- [ RunTime:0.000680s ]

[ 2016-02-23T17:51:42+08:00 ] 172.16.1.119 /lrvp_live/application/api/home/Live/createLiveChannel
INFO: [ app_init ] --START--
INFO: Run Behavior\BuildLiteBehavior [ RunTime:0.000024s ]
INFO: [ app_init ] --END-- [ RunTime:0.000438s ]
INFO: [ app_begin ] --START--
INFO: Run Behavior\ReadHtmlCacheBehavior [ RunTime:0.000541s ]
INFO: [ app_begin ] --END-- [ RunTime:0.000638s ]

[ 2016-02-23T18:02:02+08:00 ] 172.16.1.119 /lrvp_live/application/api/home/Live/createLiveChannel
INFO: [ app_init ] --START--
INFO: Run Behavior\BuildLiteBehavior [ RunTime:0.000023s ]
INFO: [ app_init ] --END-- [ RunTime:0.000510s ]
INFO: [ app_begin ] --START--
INFO: Run Behavior\ReadHtmlCacheBehavior [ RunTime:0.000809s ]
INFO: [ app_begin ] --END-- [ RunTime:0.000922s ]
NOTIC: [8] Undefined variable: recordpostion D:\wamp\www\lrvp_live\application\ThinkPHP\Library\Vendor\BFCloud\BFCloud.php 第 583 行.
INFO: [ app_end ] --START--
INFO: Run Behavior\ShowPageTraceBehavior [ RunTime:0.001140s ]
INFO: [ app_end ] --END-- [ RunTime:0.001336s ]

[ 2016-02-23T18:03:35+08:00 ] 172.16.1.119 /lrvp_live/application/api/home/Live/createLiveChannel
INFO: [ app_init ] --START--
INFO: Run Behavior\BuildLiteBehavior [ RunTime:0.000021s ]
INFO: [ app_init ] --END-- [ RunTime:0.000507s ]
INFO: [ app_begin ] --START--
INFO: Run Behavior\ReadHtmlCacheBehavior [ RunTime:0.000560s ]
INFO: [ app_begin ] --END-- [ RunTime:0.000697s ]
NOTIC: [8] Uninitialized string offset: 0 D:\wamp\www\lrvp_live\application\api\Application\Home\Controller\LiveController.class.php 第 24 行.
NOTIC: [8] Undefined variable: recordpostion D:\wamp\www\lrvp_live\application\ThinkPHP\Library\Vendor\BFCloud\BFCloud.php 第 583 行.
INFO: [ app_end ] --START--
INFO: Run Behavior\ShowPageTraceBehavior [ RunTime:0.000749s ]
INFO: [ app_end ] --END-- [ RunTime:0.000867s ]

[ 2016-02-23T18:03:52+08:00 ] 172.16.1.119 /lrvp_live/application/api/home/Live/createLiveChannel
INFO: [ app_init ] --START--
INFO: Run Behavior\BuildLiteBehavior [ RunTime:0.000023s ]
INFO: [ app_init ] --END-- [ RunTime:0.000506s ]
INFO: [ app_begin ] --START--
INFO: Run Behavior\ReadHtmlCacheBehavior [ RunTime:0.000898s ]
INFO: [ app_begin ] --END-- [ RunTime:0.001001s ]
NOTIC: [8] Uninitialized string offset: 0 D:\wamp\www\lrvp_live\application\api\Application\Home\Controller\LiveController.class.php 第 24 行.

[ 2016-02-23T18:04:05+08:00 ] 172.16.1.119 /lrvp_live/application/api/home/Live/createLiveChannel
INFO: [ app_init ] --START--
INFO: Run Behavior\BuildLiteBehavior [ RunTime:0.000023s ]
INFO: [ app_init ] --END-- [ RunTime:0.000473s ]
INFO: [ app_begin ] --START--
INFO: Run Behavior\ReadHtmlCacheBehavior [ RunTime:0.000594s ]
INFO: [ app_begin ] --END-- [ RunTime:0.000689s ]

[ 2016-02-23T18:04:19+08:00 ] 172.16.1.119 /lrvp_live/application/api/home/Live/createLiveChannel
INFO: [ app_init ] --START--
INFO: Run Behavior\BuildLiteBehavior [ RunTime:0.000024s ]
INFO: [ app_init ] --END-- [ RunTime:0.000521s ]
INFO: [ app_begin ] --START--
INFO: Run Behavior\ReadHtmlCacheBehavior [ RunTime:0.000666s ]
INFO: [ app_begin ] --END-- [ RunTime:0.000844s ]
NOTIC: [8] Uninitialized string offset: 0 D:\wamp\www\lrvp_live\application\api\Application\Home\Controller\LiveController.class.php 第 24 行.

[ 2016-02-23T18:04:52+08:00 ] 172.16.1.119 /lrvp_live/application/api/home/Live/createLiveChannel
INFO: [ app_init ] --START--
INFO: Run Behavior\BuildLiteBehavior [ RunTime:0.000022s ]
INFO: [ app_init ] --END-- [ RunTime:0.000419s ]
INFO: [ app_begin ] --START--
INFO: Run Behavior\ReadHtmlCacheBehavior [ RunTime:0.000565s ]
INFO: [ app_begin ] --END-- [ RunTime:0.000663s ]

