[ 2016-02-23T15:05:30+08:00 ] 172.16.3.20 /lrvp_live/application/home/live/createLiveChannel
INFO: [ app_init ] --START--
INFO: Run Behavior\BuildLiteBehavior [ RunTime:0.000023s ]
INFO: [ app_init ] --END-- [ RunTime:0.000553s ]
ERR: 无法加载模块:Live

[ 2016-02-23T15:30:39+08:00 ] 172.16.1.119 /lrvp_live/application/home/index/index
INFO: [ app_init ] --START--
INFO: Run Behavior\BuildLiteBehavior [ RunTime:0.000021s ]
INFO: [ app_init ] --END-- [ RunTime:0.000520s ]
ERR: 无法加载模块:Index

[ 2016-02-23T15:40:22+08:00 ] 172.16.1.119 /lrvp_live/application/home/index/index
INFO: [ app_init ] --START--
INFO: Run Behavior\BuildLiteBehavior [ RunTime:0.000035s ]
INFO: [ app_init ] --END-- [ RunTime:0.000520s ]
ERR: 无法加载模块:Index

[ 2016-02-23T15:55:13+08:00 ] 172.16.1.119 /lrvp_live/application/home/index/index/
INFO: [ app_init ] --START--
INFO: Run Behavior\BuildLiteBehavior [ RunTime:0.000022s ]
INFO: [ app_init ] --END-- [ RunTime:0.000505s ]
ERR: 无法加载模块:Index

